<?xml version="1.0" encoding="utf-8"?>
<coverage line-rate="0.7054" branch-rate="0.7" version="1.9" timestamp="1756641204" lines-covered="321" lines-valid="455" branches-covered="14" branches-valid="20">
  <sources>
    <source>C:\Users\serca\source\repos\sercanio\AppTemplate\</source>
  </sources>
  <packages>
    <package name="AppTemplate.Core.Application.Abstractions.Clock" line-rate="1" branch-rate="1" complexity="0">
      <classes />
    </package>
    <package name="AppTemplate.Core.Application.Exceptions" line-rate="0" branch-rate="1" complexity="2">
      <classes>
        <class name="AppTemplate.Core.Application.Exceptions.ConcurrencyException" filename="core\AppTemplate.Core.Application.Exceptions\ConcurrencyException.cs" line-rate="0" branch-rate="1" complexity="1">
          <methods>
            <method name=".ctor" signature="(System.String,System.Exception)" line-rate="0" branch-rate="1" complexity="1">
              <lines>
                <line number="6" hits="0" branch="False" />
                <line number="7" hits="0" branch="False" />
                <line number="8" hits="0" branch="False" />
              </lines>
            </method>
          </methods>
          <lines>
            <line number="6" hits="0" branch="False" />
            <line number="7" hits="0" branch="False" />
            <line number="8" hits="0" branch="False" />
          </lines>
        </class>
        <class name="AppTemplate.Core.Application.Exceptions.ValidationError" filename="core\AppTemplate.Core.Application.Exceptions\ValidationError.cs" line-rate="0" branch-rate="1" complexity="1">
          <methods>
            <method name="get_PropertyName" signature="()" line-rate="0" branch-rate="1" complexity="1">
              <lines>
                <line number="3" hits="0" branch="False" />
              </lines>
            </method>
          </methods>
          <lines>
            <line number="3" hits="0" branch="False" />
          </lines>
        </class>
      </classes>
    </package>
    <package name="AppTemplate.Core.Domain.Abstractions" line-rate="0.25379999999999997" branch-rate="0.25" complexity="50">
      <classes>
        <class name="AppTemplate.Core.Domain.Abstractions.DomainError" filename="core\AppTemplate.Core.Domain.Abstractions\DomainError.cs" line-rate="0.125" branch-rate="0" complexity="5">
          <methods>
            <method name="get_Code" signature="()" line-rate="1" branch-rate="1" complexity="1">
              <lines>
                <line number="5" hits="20" branch="False" />
              </lines>
            </method>
            <method name="get_Errors" signature="()" line-rate="0" branch-rate="1" complexity="1">
              <lines>
                <line number="13" hits="0" branch="False" />
              </lines>
            </method>
            <method name=".ctor" signature="(System.String,System.Nullable`1&lt;System.Int32&gt;,System.String,System.Collections.Generic.IEnumerable`1&lt;AppTemplate.Core.Application.Exceptions.ValidationError&gt;)" line-rate="0" branch-rate="0" complexity="2">
              <lines>
                <line number="17" hits="0" branch="False" />
                <line number="18" hits="0" branch="False" />
                <line number="19" hits="0" branch="True" condition-coverage="0% (0/2)">
                  <conditions>
                    <condition number="14" type="jump" coverage="0%" />
                  </conditions>
                </line>
                <line number="20" hits="0" branch="False" />
              </lines>
            </method>
            <method name=".cctor" signature="()" line-rate="0" branch-rate="1" complexity="1">
              <lines>
                <line number="7" hits="0" branch="False" />
                <line number="9" hits="0" branch="False" />
              </lines>
            </method>
          </methods>
          <lines>
            <line number="5" hits="20" branch="False" />
            <line number="13" hits="0" branch="False" />
            <line number="17" hits="0" branch="False" />
            <line number="18" hits="0" branch="False" />
            <line number="19" hits="0" branch="True" condition-coverage="0% (0/2)">
              <conditions>
                <condition number="14" type="jump" coverage="0%" />
              </conditions>
            </line>
            <line number="20" hits="0" branch="False" />
            <line number="7" hits="0" branch="False" />
            <line number="9" hits="0" branch="False" />
          </lines>
        </class>
        <class name="AppTemplate.Core.Domain.Abstractions.Entity`1" filename="core\AppTemplate.Core.Domain.Abstractions\Entity.cs" line-rate="0.8965000000000001" branch-rate="1" complexity="11">
          <methods>
            <method name="get_Id" signature="()" line-rate="1" branch-rate="1" complexity="1">
              <lines>
                <line number="5" hits="145" branch="False" />
              </lines>
            </method>
            <method name="get_CreatedOnUtc" signature="()" line-rate="1" branch-rate="1" complexity="1">
              <lines>
                <line number="6" hits="86" branch="False" />
              </lines>
            </method>
            <method name="get_UpdatedOnUtc" signature="()" line-rate="1" branch-rate="1" complexity="1">
              <lines>
                <line number="7" hits="15" branch="False" />
              </lines>
            </method>
            <method name="get_DeletedOnUtc" signature="()" line-rate="1" branch-rate="1" complexity="1">
              <lines>
                <line number="8" hits="2" branch="False" />
              </lines>
            </method>
            <method name="GetDomainEvents" signature="()" line-rate="1" branch-rate="1" complexity="1">
              <lines>
                <line number="24" hits="8" branch="False" />
                <line number="25" hits="8" branch="False" />
                <line number="26" hits="8" branch="False" />
              </lines>
            </method>
            <method name="ClearDomainEvents" signature="()" line-rate="0" branch-rate="1" complexity="1">
              <lines>
                <line number="29" hits="0" branch="False" />
                <line number="30" hits="0" branch="False" />
                <line number="31" hits="0" branch="False" />
              </lines>
            </method>
            <method name="RaiseDomainEvent" signature="(AppTemplate.Core.Domain.Abstractions.IDomainEvent)" line-rate="1" branch-rate="1" complexity="1">
              <lines>
                <line number="34" hits="40" branch="False" />
                <line number="35" hits="40" branch="False" />
                <line number="36" hits="40" branch="False" />
              </lines>
            </method>
            <method name="MarkUpdated" signature="()" line-rate="1" branch-rate="1" complexity="1">
              <lines>
                <line number="39" hits="15" branch="False" />
                <line number="40" hits="15" branch="False" />
                <line number="41" hits="15" branch="False" />
              </lines>
            </method>
            <method name="MarkDeleted" signature="()" line-rate="1" branch-rate="1" complexity="1">
              <lines>
                <line number="44" hits="1" branch="False" />
                <line number="45" hits="1" branch="False" />
                <line number="46" hits="1" branch="False" />
              </lines>
            </method>
            <method name=".ctor" signature="(Tid)" line-rate="1" branch-rate="1" complexity="1">
              <lines>
                <line number="10" hits="86" branch="False" />
                <line number="12" hits="83" branch="False" />
                <line number="13" hits="83" branch="False" />
                <line number="14" hits="83" branch="False" />
                <line number="15" hits="83" branch="False" />
                <line number="16" hits="83" branch="False" />
              </lines>
            </method>
            <method name=".ctor" signature="()" line-rate="1" branch-rate="1" complexity="1">
              <lines>
                <line number="18" hits="3" branch="False" />
                <line number="19" hits="3" branch="False" />
                <line number="20" hits="3" branch="False" />
                <line number="21" hits="3" branch="False" />
              </lines>
            </method>
          </methods>
          <lines>
            <line number="5" hits="145" branch="False" />
            <line number="6" hits="86" branch="False" />
            <line number="7" hits="15" branch="False" />
            <line number="8" hits="2" branch="False" />
            <line number="24" hits="8" branch="False" />
            <line number="25" hits="8" branch="False" />
            <line number="26" hits="8" branch="False" />
            <line number="29" hits="0" branch="False" />
            <line number="30" hits="0" branch="False" />
            <line number="31" hits="0" branch="False" />
            <line number="34" hits="40" branch="False" />
            <line number="35" hits="40" branch="False" />
            <line number="36" hits="40" branch="False" />
            <line number="39" hits="15" branch="False" />
            <line number="40" hits="15" branch="False" />
            <line number="41" hits="15" branch="False" />
            <line number="44" hits="1" branch="False" />
            <line number="45" hits="1" branch="False" />
            <line number="46" hits="1" branch="False" />
            <line number="10" hits="86" branch="False" />
            <line number="12" hits="83" branch="False" />
            <line number="13" hits="83" branch="False" />
            <line number="14" hits="83" branch="False" />
            <line number="15" hits="83" branch="False" />
            <line number="16" hits="83" branch="False" />
            <line number="18" hits="3" branch="False" />
            <line number="19" hits="3" branch="False" />
            <line number="20" hits="3" branch="False" />
            <line number="21" hits="3" branch="False" />
          </lines>
        </class>
        <class name="AppTemplate.Core.Domain.Abstractions.ValueObject" filename="core\AppTemplate.Core.Domain.Abstractions\ValueObject.cs" line-rate="0.2727" branch-rate="0.3333" complexity="8">
          <methods>
            <method name="Equals" signature="(System.Object)" line-rate="0.8571" branch-rate="0.5" complexity="4">
              <lines>
                <line number="8" hits="3" branch="False" />
                <line number="9" hits="3" branch="True" condition-coverage="50% (2/4)">
                  <conditions>
                    <condition number="2" type="jump" coverage="50%" />
                    <condition number="26" type="jump" coverage="50%" />
                  </conditions>
                </line>
                <line number="10" hits="0" branch="False" />
                <line number="12" hits="3" branch="False" />
                <line number="13" hits="3" branch="False" />
                <line number="14" hits="3" branch="False" />
                <line number="15" hits="3" branch="False" />
              </lines>
            </method>
            <method name="GetHashCode" signature="()" line-rate="0" branch-rate="1" complexity="1">
              <lines>
                <line number="18" hits="0" branch="False" />
                <line number="19" hits="0" branch="False" />
                <line number="20" hits="0" branch="False" />
                <line number="21" hits="0" branch="False" />
                <line number="22" hits="0" branch="False" />
                <line number="23" hits="0" branch="False" />
                <line number="24" hits="0" branch="False" />
              </lines>
            </method>
            <method name="op_Equality" signature="(AppTemplate.Core.Domain.Abstractions.ValueObject,AppTemplate.Core.Domain.Abstractions.ValueObject)" line-rate="0" branch-rate="0" complexity="2">
              <lines>
                <line number="27" hits="0" branch="False" />
                <line number="28" hits="0" branch="True" condition-coverage="0% (0/2)">
                  <conditions>
                    <condition number="7" type="jump" coverage="0%" />
                  </conditions>
                </line>
                <line number="29" hits="0" branch="False" />
                <line number="30" hits="0" branch="False" />
                <line number="31" hits="0" branch="False" />
              </lines>
            </method>
            <method name="op_Inequality" signature="(AppTemplate.Core.Domain.Abstractions.ValueObject,AppTemplate.Core.Domain.Abstractions.ValueObject)" line-rate="0" branch-rate="1" complexity="1">
              <lines>
                <line number="34" hits="0" branch="False" />
                <line number="35" hits="0" branch="False" />
                <line number="36" hits="0" branch="False" />
              </lines>
            </method>
          </methods>
          <lines>
            <line number="8" hits="3" branch="False" />
            <line number="9" hits="3" branch="True" condition-coverage="50% (2/4)">
              <conditions>
                <condition number="2" type="jump" coverage="50%" />
                <condition number="26" type="jump" coverage="50%" />
              </conditions>
            </line>
            <line number="10" hits="0" branch="False" />
            <line number="12" hits="3" branch="False" />
            <line number="13" hits="3" branch="False" />
            <line number="14" hits="3" branch="False" />
            <line number="15" hits="3" branch="False" />
            <line number="18" hits="0" branch="False" />
            <line number="19" hits="0" branch="False" />
            <line number="20" hits="0" branch="False" />
            <line number="21" hits="0" branch="False" />
            <line number="22" hits="0" branch="False" />
            <line number="23" hits="0" branch="False" />
            <line number="24" hits="0" branch="False" />
            <line number="27" hits="0" branch="False" />
            <line number="28" hits="0" branch="True" condition-coverage="0% (0/2)">
              <conditions>
                <condition number="7" type="jump" coverage="0%" />
              </conditions>
            </line>
            <line number="29" hits="0" branch="False" />
            <line number="30" hits="0" branch="False" />
            <line number="31" hits="0" branch="False" />
            <line number="34" hits="0" branch="False" />
            <line number="35" hits="0" branch="False" />
            <line number="36" hits="0" branch="False" />
          </lines>
        </class>
        <class name="AppTemplate.Core.Domain.Abstractions.Mailing.Mail" filename="core\AppTemplate.Core.Domain.Abstractions\Mailing\Mail.cs" line-rate="0" branch-rate="1" complexity="10">
          <methods>
            <method name="get_Subject" signature="()" line-rate="0" branch-rate="1" complexity="1">
              <lines>
                <line number="7" hits="0" branch="False" />
              </lines>
            </method>
            <method name="get_TextBody" signature="()" line-rate="0" branch-rate="1" complexity="1">
              <lines>
                <line number="8" hits="0" branch="False" />
              </lines>
            </method>
            <method name="get_HtmlBody" signature="()" line-rate="0" branch-rate="1" complexity="1">
              <lines>
                <line number="9" hits="0" branch="False" />
              </lines>
            </method>
            <method name="get_Attachments" signature="()" line-rate="0" branch-rate="1" complexity="1">
              <lines>
                <line number="10" hits="0" branch="False" />
              </lines>
            </method>
            <method name="get_ToList" signature="()" line-rate="0" branch-rate="1" complexity="1">
              <lines>
                <line number="11" hits="0" branch="False" />
              </lines>
            </method>
            <method name="get_CcList" signature="()" line-rate="0" branch-rate="1" complexity="1">
              <lines>
                <line number="12" hits="0" branch="False" />
              </lines>
            </method>
            <method name="get_BccList" signature="()" line-rate="0" branch-rate="1" complexity="1">
              <lines>
                <line number="13" hits="0" branch="False" />
              </lines>
            </method>
            <method name="get_UnsubscribeLink" signature="()" line-rate="0" branch-rate="1" complexity="1">
              <lines>
                <line number="14" hits="0" branch="False" />
              </lines>
            </method>
            <method name=".ctor" signature="(System.String)" line-rate="0" branch-rate="1" complexity="1">
              <lines>
                <line number="16" hits="0" branch="False" />
                <line number="17" hits="0" branch="False" />
                <line number="18" hits="0" branch="False" />
                <line number="19" hits="0" branch="False" />
                <line number="20" hits="0" branch="False" />
                <line number="21" hits="0" branch="False" />
                <line number="22" hits="0" branch="False" />
              </lines>
            </method>
            <method name=".ctor" signature="(System.String,System.String,System.String,System.Collections.Generic.List`1&lt;MimeKit.MailboxAddress&gt;)" line-rate="0" branch-rate="1" complexity="1">
              <lines>
                <line number="24" hits="0" branch="False" />
                <line number="25" hits="0" branch="False" />
                <line number="26" hits="0" branch="False" />
                <line number="27" hits="0" branch="False" />
                <line number="28" hits="0" branch="False" />
                <line number="29" hits="0" branch="False" />
                <line number="30" hits="0" branch="False" />
              </lines>
            </method>
          </methods>
          <lines>
            <line number="7" hits="0" branch="False" />
            <line number="8" hits="0" branch="False" />
            <line number="9" hits="0" branch="False" />
            <line number="10" hits="0" branch="False" />
            <line number="11" hits="0" branch="False" />
            <line number="12" hits="0" branch="False" />
            <line number="13" hits="0" branch="False" />
            <line number="14" hits="0" branch="False" />
            <line number="16" hits="0" branch="False" />
            <line number="17" hits="0" branch="False" />
            <line number="18" hits="0" branch="False" />
            <line number="19" hits="0" branch="False" />
            <line number="20" hits="0" branch="False" />
            <line number="21" hits="0" branch="False" />
            <line number="22" hits="0" branch="False" />
            <line number="24" hits="0" branch="False" />
            <line number="25" hits="0" branch="False" />
            <line number="26" hits="0" branch="False" />
            <line number="27" hits="0" branch="False" />
            <line number="28" hits="0" branch="False" />
            <line number="29" hits="0" branch="False" />
            <line number="30" hits="0" branch="False" />
          </lines>
        </class>
        <class name="AppTemplate.Core.Domain.Abstractions.Mailing.MailSettings" filename="core\AppTemplate.Core.Domain.Abstractions\Mailing\MailSettings.cs" line-rate="0" branch-rate="1" complexity="12">
          <methods>
            <method name="get_Server" signature="()" line-rate="0" branch-rate="1" complexity="1">
              <lines>
                <line number="5" hits="0" branch="False" />
              </lines>
            </method>
            <method name="get_Port" signature="()" line-rate="0" branch-rate="1" complexity="1">
              <lines>
                <line number="6" hits="0" branch="False" />
              </lines>
            </method>
            <method name="get_SenderFullName" signature="()" line-rate="0" branch-rate="1" complexity="1">
              <lines>
                <line number="7" hits="0" branch="False" />
              </lines>
            </method>
            <method name="get_SenderEmail" signature="()" line-rate="0" branch-rate="1" complexity="1">
              <lines>
                <line number="8" hits="0" branch="False" />
              </lines>
            </method>
            <method name="get_UserName" signature="()" line-rate="0" branch-rate="1" complexity="1">
              <lines>
                <line number="9" hits="0" branch="False" />
              </lines>
            </method>
            <method name="get_Password" signature="()" line-rate="0" branch-rate="1" complexity="1">
              <lines>
                <line number="10" hits="0" branch="False" />
              </lines>
            </method>
            <method name="get_AuthenticationRequired" signature="()" line-rate="0" branch-rate="1" complexity="1">
              <lines>
                <line number="11" hits="0" branch="False" />
              </lines>
            </method>
            <method name="get_DkimPrivateKey" signature="()" line-rate="0" branch-rate="1" complexity="1">
              <lines>
                <line number="12" hits="0" branch="False" />
              </lines>
            </method>
            <method name="get_DkimSelector" signature="()" line-rate="0" branch-rate="1" complexity="1">
              <lines>
                <line number="13" hits="0" branch="False" />
              </lines>
            </method>
            <method name="get_DomainName" signature="()" line-rate="0" branch-rate="1" complexity="1">
              <lines>
                <line number="14" hits="0" branch="False" />
              </lines>
            </method>
            <method name=".ctor" signature="()" line-rate="0" branch-rate="1" complexity="1">
              <lines>
                <line number="16" hits="0" branch="False" />
                <line number="17" hits="0" branch="False" />
                <line number="18" hits="0" branch="False" />
                <line number="19" hits="0" branch="False" />
                <line number="20" hits="0" branch="False" />
                <line number="21" hits="0" branch="False" />
                <line number="22" hits="0" branch="False" />
                <line number="23" hits="0" branch="False" />
                <line number="24" hits="0" branch="False" />
              </lines>
            </method>
            <method name=".ctor" signature="(System.String,System.Int32,System.String,System.String,System.String,System.String,System.Boolean)" line-rate="0" branch-rate="1" complexity="1">
              <lines>
                <line number="26" hits="0" branch="False" />
                <line number="27" hits="0" branch="False" />
                <line number="28" hits="0" branch="False" />
                <line number="29" hits="0" branch="False" />
                <line number="30" hits="0" branch="False" />
                <line number="31" hits="0" branch="False" />
                <line number="32" hits="0" branch="False" />
                <line number="33" hits="0" branch="False" />
                <line number="34" hits="0" branch="False" />
                <line number="35" hits="0" branch="False" />
                <line number="36" hits="0" branch="False" />
                <line number="37" hits="0" branch="False" />
                <line number="38" hits="0" branch="False" />
                <line number="39" hits="0" branch="False" />
                <line number="40" hits="0" branch="False" />
                <line number="41" hits="0" branch="False" />
                <line number="42" hits="0" branch="False" />
                <line number="43" hits="0" branch="False" />
              </lines>
            </method>
          </methods>
          <lines>
            <line number="5" hits="0" branch="False" />
            <line number="6" hits="0" branch="False" />
            <line number="7" hits="0" branch="False" />
            <line number="8" hits="0" branch="False" />
            <line number="9" hits="0" branch="False" />
            <line number="10" hits="0" branch="False" />
            <line number="11" hits="0" branch="False" />
            <line number="12" hits="0" branch="False" />
            <line number="13" hits="0" branch="False" />
            <line number="14" hits="0" branch="False" />
            <line number="16" hits="0" branch="False" />
            <line number="17" hits="0" branch="False" />
            <line number="18" hits="0" branch="False" />
            <line number="19" hits="0" branch="False" />
            <line number="20" hits="0" branch="False" />
            <line number="21" hits="0" branch="False" />
            <line number="22" hits="0" branch="False" />
            <line number="23" hits="0" branch="False" />
            <line number="24" hits="0" branch="False" />
            <line number="26" hits="0" branch="False" />
            <line number="27" hits="0" branch="False" />
            <line number="28" hits="0" branch="False" />
            <line number="29" hits="0" branch="False" />
            <line number="30" hits="0" branch="False" />
            <line number="31" hits="0" branch="False" />
            <line number="32" hits="0" branch="False" />
            <line number="33" hits="0" branch="False" />
            <line number="34" hits="0" branch="False" />
            <line number="35" hits="0" branch="False" />
            <line number="36" hits="0" branch="False" />
            <line number="37" hits="0" branch="False" />
            <line number="38" hits="0" branch="False" />
            <line number="39" hits="0" branch="False" />
            <line number="40" hits="0" branch="False" />
            <line number="41" hits="0" branch="False" />
            <line number="42" hits="0" branch="False" />
            <line number="43" hits="0" branch="False" />
          </lines>
        </class>
        <class name="AppTemplate.Core.Domain.Abstractions.Mailing.ToEmail" filename="core\AppTemplate.Core.Domain.Abstractions\Mailing\ToEmail.cs" line-rate="0" branch-rate="1" complexity="4">
          <methods>
            <method name="get_Email" signature="()" line-rate="0" branch-rate="1" complexity="1">
              <lines>
                <line number="5" hits="0" branch="False" />
              </lines>
            </method>
            <method name="get_FullName" signature="()" line-rate="0" branch-rate="1" complexity="1">
              <lines>
                <line number="6" hits="0" branch="False" />
              </lines>
            </method>
            <method name=".ctor" signature="()" line-rate="0" branch-rate="1" complexity="1">
              <lines>
                <line number="8" hits="0" branch="False" />
                <line number="9" hits="0" branch="False" />
                <line number="10" hits="0" branch="False" />
                <line number="11" hits="0" branch="False" />
                <line number="12" hits="0" branch="False" />
              </lines>
            </method>
            <method name=".ctor" signature="(System.String,System.String)" line-rate="0" branch-rate="1" complexity="1">
              <lines>
                <line number="14" hits="0" branch="False" />
                <line number="15" hits="0" branch="False" />
                <line number="16" hits="0" branch="False" />
                <line number="17" hits="0" branch="False" />
                <line number="18" hits="0" branch="False" />
              </lines>
            </method>
          </methods>
          <lines>
            <line number="5" hits="0" branch="False" />
            <line number="6" hits="0" branch="False" />
            <line number="8" hits="0" branch="False" />
            <line number="9" hits="0" branch="False" />
            <line number="10" hits="0" branch="False" />
            <line number="11" hits="0" branch="False" />
            <line number="12" hits="0" branch="False" />
            <line number="14" hits="0" branch="False" />
            <line number="15" hits="0" branch="False" />
            <line number="16" hits="0" branch="False" />
            <line number="17" hits="0" branch="False" />
            <line number="18" hits="0" branch="False" />
          </lines>
        </class>
      </classes>
    </package>
    <package name="AppTemplate.Core.Infrastructure.Clock" line-rate="0" branch-rate="1" complexity="1">
      <classes>
        <class name="AppTemplate.Core.Infrastructure.Clock.DateTimeProvider" filename="core\AppTemplate.Core.Infrastructure.Clock\DateTimeProvider.cs" line-rate="0" branch-rate="1" complexity="1">
          <methods>
            <method name="get_UtcNow" signature="()" line-rate="0" branch-rate="1" complexity="1">
              <lines>
                <line number="7" hits="0" branch="False" />
              </lines>
            </method>
          </methods>
          <lines>
            <line number="7" hits="0" branch="False" />
          </lines>
        </class>
      </classes>
    </package>
    <package name="AppTemplate.Domain" line-rate="0.9" branch-rate="1" complexity="100">
      <classes>
        <class name="AppTemplate.Domain.Roles.Permission" filename="src\AppTemplate.Domain\Roles\Permission.cs" line-rate="0.909" branch-rate="1" complexity="6">
          <methods>
            <method name="get_Feature" signature="()" line-rate="1" branch-rate="1" complexity="1">
              <lines>
                <line number="100" hits="54" branch="False" />
              </lines>
            </method>
            <method name="get_Name" signature="()" line-rate="1" branch-rate="1" complexity="1">
              <lines>
                <line number="101" hits="54" branch="False" />
              </lines>
            </method>
            <method name="get_Roles" signature="()" line-rate="1" branch-rate="1" complexity="1">
              <lines>
                <line number="102" hits="53" branch="False" />
              </lines>
            </method>
            <method name=".ctor" signature="(System.Guid,System.String,System.String)" line-rate="1" branch-rate="1" complexity="1">
              <lines>
                <line number="86" hits="53" branch="False" />
                <line number="87" hits="53" branch="False" />
                <line number="88" hits="53" branch="False" />
                <line number="89" hits="53" branch="False" />
                <line number="90" hits="53" branch="False" />
                <line number="91" hits="53" branch="False" />
              </lines>
            </method>
            <method name=".ctor" signature="()" line-rate="0" branch-rate="1" complexity="1">
              <lines>
                <line number="93" hits="0" branch="False" />
                <line number="94" hits="0" branch="False" />
                <line number="95" hits="0" branch="False" />
                <line number="96" hits="0" branch="False" />
                <line number="97" hits="0" branch="False" />
                <line number="98" hits="0" branch="False" />
              </lines>
            </method>
            <method name=".cctor" signature="()" line-rate="1" branch-rate="1" complexity="1">
              <lines>
                <line number="8" hits="1" branch="False" />
                <line number="9" hits="1" branch="False" />
                <line number="10" hits="1" branch="False" />
                <line number="11" hits="1" branch="False" />
                <line number="12" hits="1" branch="False" />
                <line number="15" hits="1" branch="False" />
                <line number="16" hits="1" branch="False" />
                <line number="17" hits="1" branch="False" />
                <line number="18" hits="1" branch="False" />
                <line number="19" hits="1" branch="False" />
                <line number="22" hits="1" branch="False" />
                <line number="25" hits="1" branch="False" />
                <line number="28" hits="1" branch="False" />
                <line number="29" hits="1" branch="False" />
                <line number="32" hits="1" branch="False" />
                <line number="35" hits="1" branch="False" />
                <line number="36" hits="1" branch="False" />
                <line number="37" hits="1" branch="False" />
                <line number="38" hits="1" branch="False" />
                <line number="41" hits="1" branch="False" />
                <line number="42" hits="1" branch="False" />
                <line number="43" hits="1" branch="False" />
                <line number="44" hits="1" branch="False" />
                <line number="45" hits="1" branch="False" />
                <line number="48" hits="1" branch="False" />
                <line number="49" hits="1" branch="False" />
                <line number="50" hits="1" branch="False" />
                <line number="51" hits="1" branch="False" />
                <line number="52" hits="1" branch="False" />
                <line number="55" hits="1" branch="False" />
                <line number="56" hits="1" branch="False" />
                <line number="57" hits="1" branch="False" />
                <line number="58" hits="1" branch="False" />
                <line number="61" hits="1" branch="False" />
                <line number="62" hits="1" branch="False" />
                <line number="63" hits="1" branch="False" />
                <line number="64" hits="1" branch="False" />
                <line number="67" hits="1" branch="False" />
                <line number="68" hits="1" branch="False" />
                <line number="69" hits="1" branch="False" />
                <line number="70" hits="1" branch="False" />
                <line number="73" hits="1" branch="False" />
                <line number="74" hits="1" branch="False" />
                <line number="75" hits="1" branch="False" />
                <line number="76" hits="1" branch="False" />
                <line number="77" hits="1" branch="False" />
                <line number="80" hits="1" branch="False" />
                <line number="81" hits="1" branch="False" />
                <line number="82" hits="1" branch="False" />
                <line number="83" hits="1" branch="False" />
                <line number="84" hits="1" branch="False" />
              </lines>
            </method>
          </methods>
          <lines>
            <line number="100" hits="54" branch="False" />
            <line number="101" hits="54" branch="False" />
            <line number="102" hits="53" branch="False" />
            <line number="86" hits="53" branch="False" />
            <line number="87" hits="53" branch="False" />
            <line number="88" hits="53" branch="False" />
            <line number="89" hits="53" branch="False" />
            <line number="90" hits="53" branch="False" />
            <line number="91" hits="53" branch="False" />
            <line number="93" hits="0" branch="False" />
            <line number="94" hits="0" branch="False" />
            <line number="95" hits="0" branch="False" />
            <line number="96" hits="0" branch="False" />
            <line number="97" hits="0" branch="False" />
            <line number="98" hits="0" branch="False" />
            <line number="8" hits="1" branch="False" />
            <line number="9" hits="1" branch="False" />
            <line number="10" hits="1" branch="False" />
            <line number="11" hits="1" branch="False" />
            <line number="12" hits="1" branch="False" />
            <line number="15" hits="1" branch="False" />
            <line number="16" hits="1" branch="False" />
            <line number="17" hits="1" branch="False" />
            <line number="18" hits="1" branch="False" />
            <line number="19" hits="1" branch="False" />
            <line number="22" hits="1" branch="False" />
            <line number="25" hits="1" branch="False" />
            <line number="28" hits="1" branch="False" />
            <line number="29" hits="1" branch="False" />
            <line number="32" hits="1" branch="False" />
            <line number="35" hits="1" branch="False" />
            <line number="36" hits="1" branch="False" />
            <line number="37" hits="1" branch="False" />
            <line number="38" hits="1" branch="False" />
            <line number="41" hits="1" branch="False" />
            <line number="42" hits="1" branch="False" />
            <line number="43" hits="1" branch="False" />
            <line number="44" hits="1" branch="False" />
            <line number="45" hits="1" branch="False" />
            <line number="48" hits="1" branch="False" />
            <line number="49" hits="1" branch="False" />
            <line number="50" hits="1" branch="False" />
            <line number="51" hits="1" branch="False" />
            <line number="52" hits="1" branch="False" />
            <line number="55" hits="1" branch="False" />
            <line number="56" hits="1" branch="False" />
            <line number="57" hits="1" branch="False" />
            <line number="58" hits="1" branch="False" />
            <line number="61" hits="1" branch="False" />
            <line number="62" hits="1" branch="False" />
            <line number="63" hits="1" branch="False" />
            <line number="64" hits="1" branch="False" />
            <line number="67" hits="1" branch="False" />
            <line number="68" hits="1" branch="False" />
            <line number="69" hits="1" branch="False" />
            <line number="70" hits="1" branch="False" />
            <line number="73" hits="1" branch="False" />
            <line number="74" hits="1" branch="False" />
            <line number="75" hits="1" branch="False" />
            <line number="76" hits="1" branch="False" />
            <line number="77" hits="1" branch="False" />
            <line number="80" hits="1" branch="False" />
            <line number="81" hits="1" branch="False" />
            <line number="82" hits="1" branch="False" />
            <line number="83" hits="1" branch="False" />
            <line number="84" hits="1" branch="False" />
          </lines>
        </class>
        <class name="AppTemplate.Domain.Roles.Role" filename="src\AppTemplate.Domain\Roles\Role.cs" line-rate="0.9333" branch-rate="1" complexity="26">
          <methods>
            <method name="get_Users" signature="()" line-rate="1" branch-rate="1" complexity="1">
              <lines>
                <line number="24" hits="2" branch="False" />
              </lines>
            </method>
            <method name="get_Permissions" signature="()" line-rate="1" branch-rate="1" complexity="1">
              <lines>
                <line number="27" hits="2" branch="False" />
              </lines>
            </method>
            <method name="get_Name" signature="()" line-rate="1" branch-rate="1" complexity="1">
              <lines>
                <line number="29" hits="22" branch="False" />
              </lines>
            </method>
            <method name="get_DisplayName" signature="()" line-rate="1" branch-rate="1" complexity="1">
              <lines>
                <line number="30" hits="21" branch="False" />
              </lines>
            </method>
            <method name="get_IsDefault" signature="()" line-rate="1" branch-rate="1" complexity="1">
              <lines>
                <line number="31" hits="18" branch="False" />
              </lines>
            </method>
            <method name="get_CreatedById" signature="()" line-rate="1" branch-rate="1" complexity="1">
              <lines>
                <line number="33" hits="33" branch="False" />
              </lines>
            </method>
            <method name="get_CreatedBy" signature="()" line-rate="1" branch-rate="1" complexity="1">
              <lines>
                <line number="35" hits="16" branch="False" />
              </lines>
            </method>
            <method name="get_UpdatedById" signature="()" line-rate="1" branch-rate="1" complexity="1">
              <lines>
                <line number="37" hits="23" branch="False" />
              </lines>
            </method>
            <method name="get_UpdatedBy" signature="()" line-rate="1" branch-rate="1" complexity="1">
              <lines>
                <line number="39" hits="16" branch="False" />
              </lines>
            </method>
            <method name="get_DeletedById" signature="()" line-rate="1" branch-rate="1" complexity="1">
              <lines>
                <line number="41" hits="18" branch="False" />
              </lines>
            </method>
            <method name="get_DeletedBy" signature="()" line-rate="1" branch-rate="1" complexity="1">
              <lines>
                <line number="43" hits="16" branch="False" />
              </lines>
            </method>
            <method name="Create" signature="(System.Guid,System.String,System.String,System.Boolean)" line-rate="1" branch-rate="1" complexity="1">
              <lines>
                <line number="63" hits="2" branch="False" />
                <line number="64" hits="2" branch="False" />
                <line number="65" hits="2" branch="False" />
              </lines>
            </method>
            <method name="Create" signature="(System.String,System.String,System.Guid,System.Boolean)" line-rate="1" branch-rate="1" complexity="1">
              <lines>
                <line number="68" hits="14" branch="False" />
                <line number="69" hits="14" branch="False" />
                <line number="70" hits="14" branch="False" />
                <line number="71" hits="14" branch="False" />
                <line number="72" hits="14" branch="False" />
              </lines>
            </method>
            <method name="Delete" signature="(AppTemplate.Domain.Roles.Role,System.Guid)" line-rate="1" branch-rate="1" complexity="1">
              <lines>
                <line number="75" hits="1" branch="False" />
                <line number="76" hits="1" branch="False" />
                <line number="77" hits="1" branch="False" />
                <line number="78" hits="1" branch="False" />
                <line number="80" hits="1" branch="False" />
                <line number="81" hits="1" branch="False" />
              </lines>
            </method>
            <method name="ChangeName" signature="(System.String,System.Guid)" line-rate="1" branch-rate="1" complexity="1">
              <lines>
                <line number="84" hits="1" branch="False" />
                <line number="85" hits="1" branch="False" />
                <line number="86" hits="1" branch="False" />
                <line number="87" hits="1" branch="False" />
                <line number="88" hits="1" branch="False" />
                <line number="89" hits="1" branch="False" />
                <line number="90" hits="1" branch="False" />
              </lines>
            </method>
            <method name="ChangeDisplayName" signature="(System.String,System.Guid)" line-rate="1" branch-rate="1" complexity="1">
              <lines>
                <line number="93" hits="1" branch="False" />
                <line number="94" hits="1" branch="False" />
                <line number="95" hits="1" branch="False" />
                <line number="96" hits="1" branch="False" />
                <line number="97" hits="1" branch="False" />
                <line number="98" hits="1" branch="False" />
                <line number="99" hits="1" branch="False" />
              </lines>
            </method>
            <method name="AddPermission" signature="(AppTemplate.Domain.Roles.Permission,System.Guid)" line-rate="1" branch-rate="1" complexity="2">
              <lines>
                <line number="103" hits="2" branch="False" />
                <line number="104" hits="2" branch="True" condition-coverage="100% (2/2)">
                  <conditions>
                    <condition number="18" type="jump" coverage="100%" />
                  </conditions>
                </line>
                <line number="105" hits="2" branch="False" />
                <line number="106" hits="2" branch="False" />
                <line number="107" hits="2" branch="False" />
                <line number="108" hits="2" branch="False" />
                <line number="109" hits="2" branch="False" />
                <line number="110" hits="2" branch="False" />
                <line number="111" hits="2" branch="False" />
              </lines>
            </method>
            <method name="RemovePermission" signature="(AppTemplate.Domain.Roles.Permission,System.Guid)" line-rate="1" branch-rate="1" complexity="2">
              <lines>
                <line number="114" hits="1" branch="False" />
                <line number="115" hits="1" branch="True" condition-coverage="100% (2/2)">
                  <conditions>
                    <condition number="15" type="jump" coverage="100%" />
                  </conditions>
                </line>
                <line number="116" hits="1" branch="False" />
                <line number="117" hits="1" branch="False" />
                <line number="118" hits="1" branch="False" />
                <line number="119" hits="1" branch="False" />
                <line number="120" hits="1" branch="False" />
                <line number="121" hits="1" branch="False" />
              </lines>
            </method>
            <method name="AddUser" signature="(AppTemplate.Domain.AppUsers.AppUser)" line-rate="1" branch-rate="1" complexity="2">
              <lines>
                <line number="125" hits="2" branch="False" />
                <line number="126" hits="2" branch="True" condition-coverage="100% (2/2)">
                  <conditions>
                    <condition number="18" type="jump" coverage="100%" />
                  </conditions>
                </line>
                <line number="127" hits="2" branch="False" />
                <line number="128" hits="2" branch="False" />
                <line number="130" hits="2" branch="False" />
                <line number="131" hits="2" branch="False" />
              </lines>
            </method>
            <method name="RemoveUser" signature="(AppTemplate.Domain.AppUsers.AppUser)" line-rate="1" branch-rate="1" complexity="1">
              <lines>
                <line number="134" hits="1" branch="False" />
                <line number="135" hits="1" branch="False" />
                <line number="137" hits="1" branch="False" />
              </lines>
            </method>
            <method name=".ctor" signature="(System.Guid,AppTemplate.Domain.Roles.ValueObjects.RoleName,AppTemplate.Domain.Roles.ValueObjects.RoleName,System.Nullable`1&lt;System.Guid&gt;,System.Boolean)" line-rate="1" branch-rate="1" complexity="1">
              <lines>
                <line number="23" hits="16" branch="False" />
                <line number="26" hits="16" branch="False" />
                <line number="45" hits="16" branch="False" />
                <line number="46" hits="16" branch="False" />
                <line number="47" hits="16" branch="False" />
                <line number="48" hits="16" branch="False" />
                <line number="49" hits="16" branch="False" />
                <line number="50" hits="16" branch="False" />
                <line number="51" hits="16" branch="False" />
              </lines>
            </method>
            <method name=".ctor" signature="()" line-rate="0" branch-rate="1" complexity="1">
              <lines>
                <line number="54" hits="0" branch="False" />
                <line number="55" hits="0" branch="False" />
                <line number="56" hits="0" branch="False" />
                <line number="57" hits="0" branch="False" />
                <line number="58" hits="0" branch="False" />
                <line number="59" hits="0" branch="False" />
              </lines>
            </method>
            <method name=".cctor" signature="()" line-rate="1" branch-rate="1" complexity="1">
              <lines>
                <line number="11" hits="1" branch="False" />
                <line number="12" hits="1" branch="False" />
                <line number="13" hits="1" branch="False" />
                <line number="14" hits="1" branch="False" />
                <line number="15" hits="1" branch="False" />
                <line number="17" hits="1" branch="False" />
                <line number="18" hits="1" branch="False" />
                <line number="19" hits="1" branch="False" />
                <line number="20" hits="1" branch="False" />
                <line number="21" hits="1" branch="False" />
              </lines>
            </method>
          </methods>
          <lines>
            <line number="24" hits="2" branch="False" />
            <line number="27" hits="2" branch="False" />
            <line number="29" hits="22" branch="False" />
            <line number="30" hits="21" branch="False" />
            <line number="31" hits="18" branch="False" />
            <line number="33" hits="33" branch="False" />
            <line number="35" hits="16" branch="False" />
            <line number="37" hits="23" branch="False" />
            <line number="39" hits="16" branch="False" />
            <line number="41" hits="18" branch="False" />
            <line number="43" hits="16" branch="False" />
            <line number="63" hits="2" branch="False" />
            <line number="64" hits="2" branch="False" />
            <line number="65" hits="2" branch="False" />
            <line number="68" hits="14" branch="False" />
            <line number="69" hits="14" branch="False" />
            <line number="70" hits="14" branch="False" />
            <line number="71" hits="14" branch="False" />
            <line number="72" hits="14" branch="False" />
            <line number="75" hits="1" branch="False" />
            <line number="76" hits="1" branch="False" />
            <line number="77" hits="1" branch="False" />
            <line number="78" hits="1" branch="False" />
            <line number="80" hits="1" branch="False" />
            <line number="81" hits="1" branch="False" />
            <line number="84" hits="1" branch="False" />
            <line number="85" hits="1" branch="False" />
            <line number="86" hits="1" branch="False" />
            <line number="87" hits="1" branch="False" />
            <line number="88" hits="1" branch="False" />
            <line number="89" hits="1" branch="False" />
            <line number="90" hits="1" branch="False" />
            <line number="93" hits="1" branch="False" />
            <line number="94" hits="1" branch="False" />
            <line number="95" hits="1" branch="False" />
            <line number="96" hits="1" branch="False" />
            <line number="97" hits="1" branch="False" />
            <line number="98" hits="1" branch="False" />
            <line number="99" hits="1" branch="False" />
            <line number="103" hits="2" branch="False" />
            <line number="104" hits="2" branch="True" condition-coverage="100% (2/2)">
              <conditions>
                <condition number="18" type="jump" coverage="100%" />
              </conditions>
            </line>
            <line number="105" hits="2" branch="False" />
            <line number="106" hits="2" branch="False" />
            <line number="107" hits="2" branch="False" />
            <line number="108" hits="2" branch="False" />
            <line number="109" hits="2" branch="False" />
            <line number="110" hits="2" branch="False" />
            <line number="111" hits="2" branch="False" />
            <line number="114" hits="1" branch="False" />
            <line number="115" hits="1" branch="True" condition-coverage="100% (2/2)">
              <conditions>
                <condition number="15" type="jump" coverage="100%" />
              </conditions>
            </line>
            <line number="116" hits="1" branch="False" />
            <line number="117" hits="1" branch="False" />
            <line number="118" hits="1" branch="False" />
            <line number="119" hits="1" branch="False" />
            <line number="120" hits="1" branch="False" />
            <line number="121" hits="1" branch="False" />
            <line number="125" hits="2" branch="False" />
            <line number="126" hits="2" branch="True" condition-coverage="100% (2/2)">
              <conditions>
                <condition number="18" type="jump" coverage="100%" />
              </conditions>
            </line>
            <line number="127" hits="2" branch="False" />
            <line number="128" hits="2" branch="False" />
            <line number="130" hits="2" branch="False" />
            <line number="131" hits="2" branch="False" />
            <line number="134" hits="1" branch="False" />
            <line number="135" hits="1" branch="False" />
            <line number="137" hits="1" branch="False" />
            <line number="23" hits="16" branch="False" />
            <line number="26" hits="16" branch="False" />
            <line number="45" hits="16" branch="False" />
            <line number="46" hits="16" branch="False" />
            <line number="47" hits="16" branch="False" />
            <line number="48" hits="16" branch="False" />
            <line number="49" hits="16" branch="False" />
            <line number="50" hits="16" branch="False" />
            <line number="51" hits="16" branch="False" />
            <line number="54" hits="0" branch="False" />
            <line number="55" hits="0" branch="False" />
            <line number="56" hits="0" branch="False" />
            <line number="57" hits="0" branch="False" />
            <line number="58" hits="0" branch="False" />
            <line number="59" hits="0" branch="False" />
            <line number="11" hits="1" branch="False" />
            <line number="12" hits="1" branch="False" />
            <line number="13" hits="1" branch="False" />
            <line number="14" hits="1" branch="False" />
            <line number="15" hits="1" branch="False" />
            <line number="17" hits="1" branch="False" />
            <line number="18" hits="1" branch="False" />
            <line number="19" hits="1" branch="False" />
            <line number="20" hits="1" branch="False" />
            <line number="21" hits="1" branch="False" />
          </lines>
        </class>
        <class name="AppTemplate.Domain.Roles.RoleErrors" filename="src\AppTemplate.Domain\Roles\RoleError.cs" line-rate="1" branch-rate="1" complexity="1">
          <methods>
            <method name=".cctor" signature="()" line-rate="1" branch-rate="1" complexity="1">
              <lines>
                <line number="7" hits="1" branch="False" />
                <line number="8" hits="1" branch="False" />
                <line number="9" hits="1" branch="False" />
                <line number="10" hits="1" branch="False" />
                <line number="12" hits="1" branch="False" />
                <line number="13" hits="1" branch="False" />
                <line number="14" hits="1" branch="False" />
                <line number="15" hits="1" branch="False" />
              </lines>
            </method>
          </methods>
          <lines>
            <line number="7" hits="1" branch="False" />
            <line number="8" hits="1" branch="False" />
            <line number="9" hits="1" branch="False" />
            <line number="10" hits="1" branch="False" />
            <line number="12" hits="1" branch="False" />
            <line number="13" hits="1" branch="False" />
            <line number="14" hits="1" branch="False" />
            <line number="15" hits="1" branch="False" />
          </lines>
        </class>
        <class name="AppTemplate.Domain.Roles.RolePermission" filename="src\AppTemplate.Domain\Roles\RolePermission.cs" line-rate="0" branch-rate="1" complexity="4">
          <methods>
            <method name="get_RoleId" signature="()" line-rate="0" branch-rate="1" complexity="1">
              <lines>
                <line number="5" hits="0" branch="False" />
              </lines>
            </method>
            <method name="get_PermissionId" signature="()" line-rate="0" branch-rate="1" complexity="1">
              <lines>
                <line number="7" hits="0" branch="False" />
              </lines>
            </method>
            <method name="get_Role" signature="()" line-rate="0" branch-rate="1" complexity="1">
              <lines>
                <line number="9" hits="0" branch="False" />
              </lines>
            </method>
            <method name="get_Permission" signature="()" line-rate="0" branch-rate="1" complexity="1">
              <lines>
                <line number="10" hits="0" branch="False" />
              </lines>
            </method>
          </methods>
          <lines>
            <line number="5" hits="0" branch="False" />
            <line number="7" hits="0" branch="False" />
            <line number="9" hits="0" branch="False" />
            <line number="10" hits="0" branch="False" />
          </lines>
        </class>
        <class name="AppTemplate.Domain.Roles.ValueObjects.RoleDefaultFlag" filename="src\AppTemplate.Domain\Roles\ValueObjects\RoleDefaultFlag.cs" line-rate="1" branch-rate="1" complexity="3">
          <methods>
            <method name="get_Value" signature="()" line-rate="1" branch-rate="1" complexity="1">
              <lines>
                <line number="7" hits="5" branch="False" />
              </lines>
            </method>
            <method name="ToString" signature="()" line-rate="1" branch-rate="1" complexity="1">
              <lines>
                <line number="19" hits="1" branch="False" />
              </lines>
            </method>
            <method name=".ctor" signature="(System.Boolean)" line-rate="1" branch-rate="1" complexity="1">
              <lines>
                <line number="9" hits="5" branch="False" />
                <line number="10" hits="5" branch="False" />
                <line number="11" hits="5" branch="False" />
                <line number="12" hits="5" branch="False" />
              </lines>
            </method>
          </methods>
          <lines>
            <line number="7" hits="5" branch="False" />
            <line number="19" hits="1" branch="False" />
            <line number="9" hits="5" branch="False" />
            <line number="10" hits="5" branch="False" />
            <line number="11" hits="5" branch="False" />
            <line number="12" hits="5" branch="False" />
          </lines>
        </class>
        <class name="AppTemplate.Domain.Roles.ValueObjects.RoleDefaultFlag/&lt;GetEqualityComponents&gt;d__4" filename="src\AppTemplate.Domain\Roles\ValueObjects\RoleDefaultFlag.cs" line-rate="1" branch-rate="1" complexity="1">
          <methods>
            <method name="MoveNext" signature="()" line-rate="1" branch-rate="1" complexity="1">
              <lines>
                <line number="15" hits="2" branch="False" />
                <line number="16" hits="2" branch="False" />
                <line number="17" hits="2" branch="False" />
              </lines>
            </method>
          </methods>
          <lines>
            <line number="15" hits="2" branch="False" />
            <line number="16" hits="2" branch="False" />
            <line number="17" hits="2" branch="False" />
          </lines>
        </class>
        <class name="AppTemplate.Domain.Roles.ValueObjects.RoleName" filename="src\AppTemplate.Domain\Roles\ValueObjects\RoleName.cs" line-rate="1" branch-rate="1" complexity="4">
          <methods>
            <method name="get_Value" signature="()" line-rate="1" branch-rate="1" complexity="1">
              <lines>
                <line number="7" hits="13" branch="False" />
              </lines>
            </method>
            <method name="ToString" signature="()" line-rate="1" branch-rate="1" complexity="1">
              <lines>
                <line number="23" hits="3" branch="False" />
              </lines>
            </method>
            <method name=".ctor" signature="(System.String)" line-rate="1" branch-rate="1" complexity="2">
              <lines>
                <line number="9" hits="40" branch="False" />
                <line number="10" hits="40" branch="False" />
                <line number="11" hits="40" branch="True" condition-coverage="100% (2/2)">
                  <conditions>
                    <condition number="16" type="jump" coverage="100%" />
                  </conditions>
                </line>
                <line number="12" hits="2" branch="False" />
                <line number="13" hits="2" branch="False" />
                <line number="15" hits="38" branch="False" />
                <line number="16" hits="38" branch="False" />
              </lines>
            </method>
          </methods>
          <lines>
            <line number="7" hits="13" branch="False" />
            <line number="23" hits="3" branch="False" />
            <line number="9" hits="40" branch="False" />
            <line number="10" hits="40" branch="False" />
            <line number="11" hits="40" branch="True" condition-coverage="100% (2/2)">
              <conditions>
                <condition number="16" type="jump" coverage="100%" />
              </conditions>
            </line>
            <line number="12" hits="2" branch="False" />
            <line number="13" hits="2" branch="False" />
            <line number="15" hits="38" branch="False" />
            <line number="16" hits="38" branch="False" />
          </lines>
        </class>
        <class name="AppTemplate.Domain.Roles.ValueObjects.RoleName/&lt;GetEqualityComponents&gt;d__4" filename="src\AppTemplate.Domain\Roles\ValueObjects\RoleName.cs" line-rate="1" branch-rate="1" complexity="1">
          <methods>
            <method name="MoveNext" signature="()" line-rate="1" branch-rate="1" complexity="1">
              <lines>
                <line number="19" hits="2" branch="False" />
                <line number="20" hits="2" branch="False" />
                <line number="21" hits="2" branch="False" />
              </lines>
            </method>
          </methods>
          <lines>
            <line number="19" hits="2" branch="False" />
            <line number="20" hits="2" branch="False" />
            <line number="21" hits="2" branch="False" />
          </lines>
        </class>
        <class name="AppTemplate.Domain.Roles.DomainEvents.RoleCreatedDomainEvent" filename="src\AppTemplate.Domain\Roles\DomainEvents\RoleCreatedDomainEvent.cs" line-rate="1" branch-rate="1" complexity="1">
          <methods>
            <method name="get_RoleId" signature="()" line-rate="1" branch-rate="1" complexity="1">
              <lines>
                <line number="5" hits="17" branch="False" />
              </lines>
            </method>
          </methods>
          <lines>
            <line number="5" hits="17" branch="False" />
          </lines>
        </class>
        <class name="AppTemplate.Domain.Roles.DomainEvents.RoleDeletedDomainEvent" filename="src\AppTemplate.Domain\Roles\DomainEvents\RoleDeletedDomainEvent.cs" line-rate="1" branch-rate="1" complexity="1">
          <methods>
            <method name="get_RoleId" signature="()" line-rate="1" branch-rate="1" complexity="1">
              <lines>
                <line number="5" hits="4" branch="False" />
              </lines>
            </method>
          </methods>
          <lines>
            <line number="5" hits="4" branch="False" />
          </lines>
        </class>
        <class name="AppTemplate.Domain.Roles.DomainEvents.RoleDomainEvents" filename="src\AppTemplate.Domain\Roles\DomainEvents\RoleDomainEvents.cs" line-rate="1" branch-rate="1" complexity="1">
          <methods>
            <method name=".cctor" signature="()" line-rate="1" branch-rate="1" complexity="1">
              <lines>
                <line number="5" hits="1" branch="False" />
                <line number="6" hits="1" branch="False" />
                <line number="7" hits="1" branch="False" />
                <line number="8" hits="1" branch="False" />
                <line number="9" hits="1" branch="False" />
              </lines>
            </method>
          </methods>
          <lines>
            <line number="5" hits="1" branch="False" />
            <line number="6" hits="1" branch="False" />
            <line number="7" hits="1" branch="False" />
            <line number="8" hits="1" branch="False" />
            <line number="9" hits="1" branch="False" />
          </lines>
        </class>
        <class name="AppTemplate.Domain.Roles.DomainEvents.RoleNameUpdatedDomainEvent" filename="src\AppTemplate.Domain\Roles\DomainEvents\RoleNameUpdatedDomainEvent.cs" line-rate="1" branch-rate="1" complexity="1">
          <methods>
            <method name="get_RoleId" signature="()" line-rate="1" branch-rate="1" complexity="1">
              <lines>
                <line number="5" hits="9" branch="False" />
              </lines>
            </method>
          </methods>
          <lines>
            <line number="5" hits="9" branch="False" />
          </lines>
        </class>
        <class name="AppTemplate.Domain.Roles.DomainEvents.RolePermissionAddedDomainEvent" filename="src\AppTemplate.Domain\Roles\DomainEvents\RolePermissionAddedDomainEvent.cs" line-rate="1" branch-rate="1" complexity="1">
          <methods>
            <method name="get_RoleId" signature="()" line-rate="1" branch-rate="1" complexity="1">
              <lines>
                <line number="5" hits="5" branch="False" />
              </lines>
            </method>
          </methods>
          <lines>
            <line number="5" hits="5" branch="False" />
          </lines>
        </class>
        <class name="AppTemplate.Domain.Roles.DomainEvents.RolePermissionRemovedDomainEvent" filename="src\AppTemplate.Domain\Roles\DomainEvents\RolePermissionRemovedDomainEvent.cs" line-rate="1" branch-rate="1" complexity="1">
          <methods>
            <method name="get_RoleId" signature="()" line-rate="1" branch-rate="1" complexity="1">
              <lines>
                <line number="5" hits="4" branch="False" />
              </lines>
            </method>
          </methods>
          <lines>
            <line number="5" hits="4" branch="False" />
          </lines>
        </class>
        <class name="AppTemplate.Domain.Notifications.Notification" filename="src\AppTemplate.Domain\Notifications\Notification.cs" line-rate="0.9375" branch-rate="1" complexity="9">
          <methods>
            <method name="get_Title" signature="()" line-rate="1" branch-rate="1" complexity="1">
              <lines>
                <line number="9" hits="4" branch="False" />
              </lines>
            </method>
            <method name="get_Message" signature="()" line-rate="1" branch-rate="1" complexity="1">
              <lines>
                <line number="10" hits="4" branch="False" />
              </lines>
            </method>
            <method name="get_Type" signature="()" line-rate="1" branch-rate="1" complexity="1">
              <lines>
                <line number="11" hits="4" branch="False" />
              </lines>
            </method>
            <method name="get_IsRead" signature="()" line-rate="1" branch-rate="1" complexity="1">
              <lines>
                <line number="12" hits="6" branch="False" />
              </lines>
            </method>
            <method name="get_RecipientId" signature="()" line-rate="1" branch-rate="1" complexity="1">
              <lines>
                <line number="14" hits="4" branch="False" />
              </lines>
            </method>
            <method name="get_Recipient" signature="()" line-rate="1" branch-rate="1" complexity="1">
              <lines>
                <line number="15" hits="1" branch="False" />
              </lines>
            </method>
            <method name="MarkAsRead" signature="()" line-rate="1" branch-rate="1" complexity="1">
              <lines>
                <line number="17" hits="1" branch="False" />
              </lines>
            </method>
            <method name=".ctor" signature="()" line-rate="0" branch-rate="1" complexity="1">
              <lines>
                <line number="19" hits="0" branch="False" />
              </lines>
            </method>
            <method name=".ctor" signature="(System.Guid,System.String,System.String,AppTemplate.Domain.Notifications.Enums.NotificationTypeEnum)" line-rate="1" branch-rate="1" complexity="1">
              <lines>
                <line number="21" hits="3" branch="False" />
                <line number="22" hits="3" branch="False" />
                <line number="23" hits="3" branch="False" />
                <line number="24" hits="3" branch="False" />
                <line number="25" hits="3" branch="False" />
                <line number="26" hits="3" branch="False" />
                <line number="27" hits="3" branch="False" />
                <line number="28" hits="3" branch="False" />
              </lines>
            </method>
          </methods>
          <lines>
            <line number="9" hits="4" branch="False" />
            <line number="10" hits="4" branch="False" />
            <line number="11" hits="4" branch="False" />
            <line number="12" hits="6" branch="False" />
            <line number="14" hits="4" branch="False" />
            <line number="15" hits="1" branch="False" />
            <line number="17" hits="1" branch="False" />
            <line number="19" hits="0" branch="False" />
            <line number="21" hits="3" branch="False" />
            <line number="22" hits="3" branch="False" />
            <line number="23" hits="3" branch="False" />
            <line number="24" hits="3" branch="False" />
            <line number="25" hits="3" branch="False" />
            <line number="26" hits="3" branch="False" />
            <line number="27" hits="3" branch="False" />
            <line number="28" hits="3" branch="False" />
          </lines>
        </class>
        <class name="AppTemplate.Domain.Users.DomainEvents.AppUserDomainEvents" filename="src\AppTemplate.Domain\AppUsers\DomainEvents\AppUserDomainEvents.cs" line-rate="0" branch-rate="1" complexity="1">
          <methods>
            <method name=".cctor" signature="()" line-rate="0" branch-rate="1" complexity="1">
              <lines>
                <line number="5" hits="0" branch="False" />
                <line number="6" hits="0" branch="False" />
                <line number="7" hits="0" branch="False" />
                <line number="8" hits="0" branch="False" />
                <line number="9" hits="0" branch="False" />
                <line number="10" hits="0" branch="False" />
                <line number="11" hits="0" branch="False" />
                <line number="12" hits="0" branch="False" />
              </lines>
            </method>
          </methods>
          <lines>
            <line number="5" hits="0" branch="False" />
            <line number="6" hits="0" branch="False" />
            <line number="7" hits="0" branch="False" />
            <line number="8" hits="0" branch="False" />
            <line number="9" hits="0" branch="False" />
            <line number="10" hits="0" branch="False" />
            <line number="11" hits="0" branch="False" />
            <line number="12" hits="0" branch="False" />
          </lines>
        </class>
        <class name="AppTemplate.Domain.Users.DomainEvents.AppUserRoleAddedDomainEvent" filename="src\AppTemplate.Domain\AppUsers\DomainEvents\AppUserRoleAddedDomainEvent.cs" line-rate="1" branch-rate="1" complexity="1">
          <methods>
            <method name="get_UserId" signature="()" line-rate="1" branch-rate="1" complexity="1">
              <lines>
                <line number="5" hits="7" branch="False" />
              </lines>
            </method>
          </methods>
          <lines>
            <line number="5" hits="7" branch="False" />
          </lines>
        </class>
        <class name="AppTemplate.Domain.Users.DomainEvents.AppUserRoleRemovedDomainEvent" filename="src\AppTemplate.Domain\AppUsers\DomainEvents\AppUserRoleRemovedDomainEvent.cs" line-rate="1" branch-rate="1" complexity="1">
          <methods>
            <method name="get_UserId" signature="()" line-rate="1" branch-rate="1" complexity="1">
              <lines>
                <line number="5" hits="4" branch="False" />
              </lines>
            </method>
          </methods>
          <lines>
            <line number="5" hits="4" branch="False" />
          </lines>
        </class>
        <class name="AppTemplate.Domain.AppUsers.AppUser" filename="src\AppTemplate.Domain\AppUsers\AppUser.cs" line-rate="0.887" branch-rate="1" complexity="27">
          <methods>
            <method name="get_Roles" signature="()" line-rate="1" branch-rate="1" complexity="1">
              <lines>
                <line number="18" hits="3" branch="False" />
              </lines>
            </method>
            <method name="get_Notifications" signature="()" line-rate="1" branch-rate="1" complexity="1">
              <lines>
                <line number="20" hits="14" branch="False" />
              </lines>
            </method>
            <method name="get_UpdatedUsers" signature="()" line-rate="0" branch-rate="1" complexity="1">
              <lines>
                <line number="21" hits="0" branch="False" />
              </lines>
            </method>
            <method name="get_DeletedUsers" signature="()" line-rate="0" branch-rate="1" complexity="1">
              <lines>
                <line number="22" hits="0" branch="False" />
              </lines>
            </method>
            <method name="get_NotificationPreference" signature="()" line-rate="1" branch-rate="1" complexity="1">
              <lines>
                <line number="24" hits="19" branch="False" />
              </lines>
            </method>
            <method name="get_IdentityId" signature="()" line-rate="1" branch-rate="1" complexity="1">
              <lines>
                <line number="25" hits="2" branch="False" />
              </lines>
            </method>
            <method name="get_IdentityUser" signature="()" line-rate="0" branch-rate="1" complexity="1">
              <lines>
                <line number="26" hits="0" branch="False" />
              </lines>
            </method>
            <method name="get_UserChangedItsUsername" signature="()" line-rate="1" branch-rate="1" complexity="1">
              <lines>
                <line number="27" hits="16" branch="False" />
              </lines>
            </method>
            <method name="get_ProfilePictureUrl" signature="()" line-rate="1" branch-rate="1" complexity="1">
              <lines>
                <line number="29" hits="2" branch="False" />
              </lines>
            </method>
            <method name="get_Biography" signature="()" line-rate="0" branch-rate="1" complexity="1">
              <lines>
                <line number="30" hits="0" branch="False" />
              </lines>
            </method>
            <method name="get_CreatedById" signature="()" line-rate="1" branch-rate="1" complexity="1">
              <lines>
                <line number="32" hits="14" branch="False" />
              </lines>
            </method>
            <method name="get_CreatedBy" signature="()" line-rate="1" branch-rate="1" complexity="1">
              <lines>
                <line number="33" hits="14" branch="False" />
              </lines>
            </method>
            <method name="get_UpdatedById" signature="()" line-rate="1" branch-rate="1" complexity="1">
              <lines>
                <line number="35" hits="14" branch="False" />
              </lines>
            </method>
            <method name="get_UpdatedBy" signature="()" line-rate="1" branch-rate="1" complexity="1">
              <lines>
                <line number="36" hits="14" branch="False" />
              </lines>
            </method>
            <method name="get_DeletedById" signature="()" line-rate="1" branch-rate="1" complexity="1">
              <lines>
                <line number="38" hits="14" branch="False" />
              </lines>
            </method>
            <method name="get_DeletedBy" signature="()" line-rate="1" branch-rate="1" complexity="1">
              <lines>
                <line number="39" hits="14" branch="False" />
              </lines>
            </method>
            <method name="Create" signature="()" line-rate="1" branch-rate="1" complexity="1">
              <lines>
                <line number="51" hits="13" branch="False" />
                <line number="52" hits="13" branch="False" />
                <line number="53" hits="13" branch="False" />
                <line number="54" hits="13" branch="False" />
                <line number="59" hits="13" branch="False" />
                <line number="60" hits="13" branch="False" />
              </lines>
            </method>
            <method name="CreateWithoutRolesForSeeding" signature="()" line-rate="1" branch-rate="1" complexity="1">
              <lines>
                <line number="63" hits="1" branch="False" />
                <line number="64" hits="1" branch="False" />
                <line number="65" hits="1" branch="False" />
                <line number="66" hits="1" branch="False" />
              </lines>
            </method>
            <method name="AddRole" signature="(AppTemplate.Domain.Roles.Role)" line-rate="1" branch-rate="1" complexity="2">
              <lines>
                <line number="69" hits="6" branch="False" />
                <line number="70" hits="6" branch="True" condition-coverage="100% (2/2)">
                  <conditions>
                    <condition number="18" type="jump" coverage="100%" />
                  </conditions>
                </line>
                <line number="71" hits="5" branch="False" />
                <line number="72" hits="5" branch="False" />
                <line number="73" hits="5" branch="False" />
                <line number="74" hits="5" branch="False" />
                <line number="76" hits="6" branch="False" />
                <line number="77" hits="6" branch="False" />
              </lines>
            </method>
            <method name="RemoveRole" signature="(AppTemplate.Domain.Roles.Role)" line-rate="1" branch-rate="1" complexity="2">
              <lines>
                <line number="80" hits="3" branch="False" />
                <line number="81" hits="3" branch="True" condition-coverage="100% (2/2)">
                  <conditions>
                    <condition number="15" type="jump" coverage="100%" />
                  </conditions>
                </line>
                <line number="82" hits="2" branch="False" />
                <line number="83" hits="2" branch="False" />
                <line number="84" hits="2" branch="False" />
                <line number="86" hits="3" branch="False" />
                <line number="87" hits="3" branch="False" />
              </lines>
            </method>
            <method name="SetIdentityId" signature="(System.String)" line-rate="1" branch-rate="1" complexity="1">
              <lines>
                <line number="90" hits="1" branch="False" />
                <line number="91" hits="1" branch="False" />
                <line number="92" hits="1" branch="False" />
              </lines>
            </method>
            <method name="MarkUsernameAsChanged" signature="()" line-rate="1" branch-rate="1" complexity="1">
              <lines>
                <line number="95" hits="1" branch="False" />
                <line number="96" hits="1" branch="False" />
                <line number="97" hits="1" branch="False" />
              </lines>
            </method>
            <method name="SetProfilePictureUrl" signature="(System.String)" line-rate="1" branch-rate="1" complexity="1">
              <lines>
                <line number="100" hits="1" branch="False" />
                <line number="101" hits="1" branch="False" />
                <line number="102" hits="1" branch="False" />
                <line number="103" hits="1" branch="False" />
              </lines>
            </method>
            <method name=".ctor" signature="(System.Guid,AppTemplate.Domain.AppUsers.ValueObjects.NotificationPreference)" line-rate="1" branch-rate="1" complexity="1">
              <lines>
                <line number="13" hits="14" branch="False" />
                <line number="14" hits="14" branch="False" />
                <line number="15" hits="14" branch="False" />
                <line number="16" hits="14" branch="False" />
                <line number="41" hits="14" branch="False" />
                <line number="42" hits="14" branch="False" />
                <line number="43" hits="14" branch="False" />
                <line number="44" hits="14" branch="False" />
              </lines>
            </method>
            <method name=".ctor" signature="()" line-rate="0" branch-rate="1" complexity="1">
              <lines>
                <line number="46" hits="0" branch="False" />
                <line number="47" hits="0" branch="False" />
                <line number="48" hits="0" branch="False" />
              </lines>
            </method>
          </methods>
          <lines>
            <line number="18" hits="3" branch="False" />
            <line number="20" hits="14" branch="False" />
            <line number="21" hits="0" branch="False" />
            <line number="22" hits="0" branch="False" />
            <line number="24" hits="19" branch="False" />
            <line number="25" hits="2" branch="False" />
            <line number="26" hits="0" branch="False" />
            <line number="27" hits="16" branch="False" />
            <line number="29" hits="2" branch="False" />
            <line number="30" hits="0" branch="False" />
            <line number="32" hits="14" branch="False" />
            <line number="33" hits="14" branch="False" />
            <line number="35" hits="14" branch="False" />
            <line number="36" hits="14" branch="False" />
            <line number="38" hits="14" branch="False" />
            <line number="39" hits="14" branch="False" />
            <line number="51" hits="13" branch="False" />
            <line number="52" hits="13" branch="False" />
            <line number="53" hits="13" branch="False" />
            <line number="54" hits="13" branch="False" />
            <line number="59" hits="13" branch="False" />
            <line number="60" hits="13" branch="False" />
            <line number="63" hits="1" branch="False" />
            <line number="64" hits="1" branch="False" />
            <line number="65" hits="1" branch="False" />
            <line number="66" hits="1" branch="False" />
            <line number="69" hits="6" branch="False" />
            <line number="70" hits="6" branch="True" condition-coverage="100% (2/2)">
              <conditions>
                <condition number="18" type="jump" coverage="100%" />
              </conditions>
            </line>
            <line number="71" hits="5" branch="False" />
            <line number="72" hits="5" branch="False" />
            <line number="73" hits="5" branch="False" />
            <line number="74" hits="5" branch="False" />
            <line number="76" hits="6" branch="False" />
            <line number="77" hits="6" branch="False" />
            <line number="80" hits="3" branch="False" />
            <line number="81" hits="3" branch="True" condition-coverage="100% (2/2)">
              <conditions>
                <condition number="15" type="jump" coverage="100%" />
              </conditions>
            </line>
            <line number="82" hits="2" branch="False" />
            <line number="83" hits="2" branch="False" />
            <line number="84" hits="2" branch="False" />
            <line number="86" hits="3" branch="False" />
            <line number="87" hits="3" branch="False" />
            <line number="90" hits="1" branch="False" />
            <line number="91" hits="1" branch="False" />
            <line number="92" hits="1" branch="False" />
            <line number="95" hits="1" branch="False" />
            <line number="96" hits="1" branch="False" />
            <line number="97" hits="1" branch="False" />
            <line number="100" hits="1" branch="False" />
            <line number="101" hits="1" branch="False" />
            <line number="102" hits="1" branch="False" />
            <line number="103" hits="1" branch="False" />
            <line number="13" hits="14" branch="False" />
            <line number="14" hits="14" branch="False" />
            <line number="15" hits="14" branch="False" />
            <line number="16" hits="14" branch="False" />
            <line number="41" hits="14" branch="False" />
            <line number="42" hits="14" branch="False" />
            <line number="43" hits="14" branch="False" />
            <line number="44" hits="14" branch="False" />
            <line number="46" hits="0" branch="False" />
            <line number="47" hits="0" branch="False" />
            <line number="48" hits="0" branch="False" />
          </lines>
        </class>
        <class name="AppTemplate.Domain.AppUsers.AppUserErrors" filename="src\AppTemplate.Domain\AppUsers\AppUserErrors.cs" line-rate="1" branch-rate="1" complexity="1">
          <methods>
            <method name=".cctor" signature="()" line-rate="1" branch-rate="1" complexity="1">
              <lines>
                <line number="7" hits="1" branch="False" />
                <line number="8" hits="1" branch="False" />
                <line number="9" hits="1" branch="False" />
                <line number="10" hits="1" branch="False" />
                <line number="12" hits="1" branch="False" />
                <line number="13" hits="1" branch="False" />
                <line number="14" hits="1" branch="False" />
                <line number="15" hits="1" branch="False" />
                <line number="17" hits="1" branch="False" />
                <line number="18" hits="1" branch="False" />
                <line number="19" hits="1" branch="False" />
                <line number="20" hits="1" branch="False" />
              </lines>
            </method>
          </methods>
          <lines>
            <line number="7" hits="1" branch="False" />
            <line number="8" hits="1" branch="False" />
            <line number="9" hits="1" branch="False" />
            <line number="10" hits="1" branch="False" />
            <line number="12" hits="1" branch="False" />
            <line number="13" hits="1" branch="False" />
            <line number="14" hits="1" branch="False" />
            <line number="15" hits="1" branch="False" />
            <line number="17" hits="1" branch="False" />
            <line number="18" hits="1" branch="False" />
            <line number="19" hits="1" branch="False" />
            <line number="20" hits="1" branch="False" />
          </lines>
        </class>
        <class name="AppTemplate.Domain.AppUsers.ValueObjects.NotificationPreference" filename="src\AppTemplate.Domain\AppUsers\ValueObjects\NotificationPreference.cs" line-rate="1" branch-rate="1" complexity="6">
          <methods>
            <method name="get_IsInAppNotificationEnabled" signature="()" line-rate="1" branch-rate="1" complexity="1">
              <lines>
                <line number="10" hits="26" branch="False" />
              </lines>
            </method>
            <method name="get_IsEmailNotificationEnabled" signature="()" line-rate="1" branch-rate="1" complexity="1">
              <lines>
                <line number="11" hits="26" branch="False" />
              </lines>
            </method>
            <method name="get_IsPushNotificationEnabled" signature="()" line-rate="1" branch-rate="1" complexity="1">
              <lines>
                <line number="12" hits="26" branch="False" />
              </lines>
            </method>
            <method name="Update" signature="(System.Boolean,System.Boolean,System.Boolean)" line-rate="1" branch-rate="1" complexity="1">
              <lines>
                <line number="15" hits="1" branch="False" />
                <line number="16" hits="1" branch="False" />
                <line number="17" hits="1" branch="False" />
                <line number="18" hits="1" branch="False" />
                <line number="19" hits="1" branch="False" />
              </lines>
            </method>
            <method name="ToString" signature="()" line-rate="1" branch-rate="1" complexity="1">
              <lines>
                <line number="22" hits="1" branch="False" />
                <line number="23" hits="1" branch="False" />
                <line number="24" hits="1" branch="False" />
              </lines>
            </method>
            <method name=".ctor" signature="(System.Boolean,System.Boolean,System.Boolean)" line-rate="1" branch-rate="1" complexity="1">
              <lines>
                <line number="5" hits="19" branch="False" />
                <line number="6" hits="19" branch="False" />
                <line number="7" hits="19" branch="False" />
                <line number="8" hits="19" branch="False" />
              </lines>
            </method>
          </methods>
          <lines>
            <line number="10" hits="26" branch="False" />
            <line number="11" hits="26" branch="False" />
            <line number="12" hits="26" branch="False" />
            <line number="15" hits="1" branch="False" />
            <line number="16" hits="1" branch="False" />
            <line number="17" hits="1" branch="False" />
            <line number="18" hits="1" branch="False" />
            <line number="19" hits="1" branch="False" />
            <line number="22" hits="1" branch="False" />
            <line number="23" hits="1" branch="False" />
            <line number="24" hits="1" branch="False" />
            <line number="5" hits="19" branch="False" />
            <line number="6" hits="19" branch="False" />
            <line number="7" hits="19" branch="False" />
            <line number="8" hits="19" branch="False" />
          </lines>
        </class>
        <class name="AppTemplate.Domain.AppUsers.ValueObjects.NotificationPreference/&lt;GetEqualityComponents&gt;d__15" filename="src\AppTemplate.Domain\AppUsers\ValueObjects\NotificationPreference.cs" line-rate="1" branch-rate="1" complexity="1">
          <methods>
            <method name="MoveNext" signature="()" line-rate="1" branch-rate="1" complexity="1">
              <lines>
                <line number="27" hits="2" branch="False" />
                <line number="28" hits="2" branch="False" />
                <line number="29" hits="2" branch="False" />
                <line number="30" hits="2" branch="False" />
                <line number="31" hits="2" branch="False" />
              </lines>
            </method>
          </methods>
          <lines>
            <line number="27" hits="2" branch="False" />
            <line number="28" hits="2" branch="False" />
            <line number="29" hits="2" branch="False" />
            <line number="30" hits="2" branch="False" />
            <line number="31" hits="2" branch="False" />
          </lines>
        </class>
        <class name="AppTemplate.Domain.AppUsers.DomainEvents.AppUserCreatedDomainEvent" filename="src\AppTemplate.Domain\AppUsers\DomainEvents\AppUserCreatedDomainEvent.cs" line-rate="1" branch-rate="1" complexity="1">
          <methods>
            <method name="get_UserId" signature="()" line-rate="1" branch-rate="1" complexity="1">
              <lines>
                <line number="5" hits="14" branch="False" />
              </lines>
            </method>
          </methods>
          <lines>
            <line number="5" hits="14" branch="False" />
          </lines>
        </class>
      </classes>
    </package>
  </packages>
</coverage>